<?xml version="1.0" encoding="UTF-8"?>
<!-- Generated by org.testng.reporters.JUnitXMLReporter -->
<testsuite ignored="0" hostname="LAPTOP-3S4TPUJ4" failures="0" tests="3" name="Command line test" time="30.972" errors="0" timestamp="2025-02-08T15:19:19 UTC">
  <testcase classname="FlightreservationTest" name="userRegistrationTest" time="7.99"/>
  <testcase classname="FlightreservationTest" name="registrationConfirmationTest" time="0.883"/>
  <testcase classname="FlightreservationTest" name="flightsSearchTest" time="1.834"/>
</testsuite> <!-- Command line test -->
