<?xml version="1.0" encoding="UTF-8"?>
<testng-results ignored="0" total="3" passed="3" failed="0" skipped="0">
  <reporter-output>
  </reporter-output>
  <suite started-at="2025-02-08T15:18:48 UTC" name="FlightreservationTest" finished-at="2025-02-08T15:19:19 UTC" duration-ms="30972">
    <groups>
    </groups>
    <test started-at="2025-02-08T15:18:48 UTC" name="Command line test" finished-at="2025-02-08T15:19:19 UTC" duration-ms="30972">
      <class name="FlightreservationTest">
        <test-method is-config="true" signature="classSetup()[pri:0, instance:FlightreservationTest@d706f19]" started-at="2025-02-08T15:18:48 UTC" name="classSetup" finished-at="2025-02-08T15:19:09 UTC" duration-ms="20192" status="PASS">
          <reporter-output>
          </reporter-output>
        </test-method> <!-- classSetup -->
        <test-method signature="userRegistrationTest()[pri:0, instance:FlightreservationTest@d706f19]" started-at="2025-02-08T15:19:09 UTC" name="userRegistrationTest" finished-at="2025-02-08T15:19:17 UTC" duration-ms="7990" status="PASS">
          <reporter-output>
          </reporter-output>
        </test-method> <!-- userRegistrationTest -->
        <test-method signature="registrationConfirmationTest()[pri:0, instance:FlightreservationTest@d706f19]" started-at="2025-02-08T15:19:17 UTC" name="registrationConfirmationTest" finished-at="2025-02-08T15:19:17 UTC" depends-on-methods="FlightreservationTest.userRegistrationTest" duration-ms="883" status="PASS">
          <reporter-output>
          </reporter-output>
        </test-method> <!-- registrationConfirmationTest -->
        <test-method signature="flightsSearchTest()[pri:0, instance:FlightreservationTest@d706f19]" started-at="2025-02-08T15:19:17 UTC" name="flightsSearchTest" finished-at="2025-02-08T15:19:19 UTC" depends-on-methods="FlightreservationTest.registrationConfirmationTest" duration-ms="1834" status="PASS">
          <reporter-output>
          </reporter-output>
        </test-method> <!-- flightsSearchTest -->
      </class> <!-- FlightreservationTest -->
    </test> <!-- Command line test -->
  </suite> <!-- FlightreservationTest -->
</testng-results>
